2025-11-04 07:42:26 [ERROR] __main__: FIREBASE_KEY or DATABASE_URL is not set
2025-11-04 07:43:08 [ERROR] __main__: DATABASE_URL not found in .env
2025-11-04 07:44:59 [ERROR] __main__: DATABASE_URL not found in .env
2025-11-05 11:20:19 [ERROR] __main__: DISCORD_TOKEN not found in .env
2025-11-05 11:20:36 [WARNING] discord.client: PyNaCl is not installed, voice will NOT be supported
2025-11-05 11:21:01 [WARNING] discord.client: PyNaCl is not installed, voice will NOT be supported
2025-11-05 11:21:02 [INFO] discord.client: logging in using static token
2025-11-05 11:21:03 [INFO] discord.gateway: Shard ID None has connected to Gateway (Session ID: 9345cbf759fbdf7a02e39432a4c7ec07).
2025-11-05 11:21:05 [INFO] __main__: Bot is ready as Chaos Form#7147
2025-11-05 11:23:06 [WARNING] discord.client: PyNaCl is not installed, voice will NOT be supported
2025-11-05 11:23:06 [INFO] discord.client: logging in using static token
2025-11-05 11:23:07 [INFO] discord.gateway: Shard ID None has connected to Gateway (Session ID: b06da17e49369691cc8d045bfbaaf347).
2025-11-05 11:23:09 [INFO] __main__: Bot is ready as Chaos Form#7147
2025-11-05 11:25:30 [WARNING] discord.client: PyNaCl is not installed, voice will NOT be supported
2025-11-05 11:25:30 [INFO] apps.events: Setup event
2025-11-05 11:25:30 [INFO] apps.commands: Setup command
2025-11-05 11:25:30 [INFO] discord.client: logging in using static token
2025-11-05 11:25:32 [INFO] discord.gateway: Shard ID None has connected to Gateway (Session ID: 973b1f18bfd3f792880c2b8819a32151).
2025-11-05 11:25:34 [INFO] __main__: Bot is ready as Chaos Form#7147
2025-11-05 11:25:34 [INFO] apps.tasks: Setup task
2025-11-05 11:26:04 [WARNING] discord.client: PyNaCl is not installed, voice will NOT be supported
2025-11-05 11:26:04 [INFO] apps.events: Setup event
2025-11-05 11:26:04 [INFO] apps.commands: Setup command
2025-11-05 11:26:04 [INFO] discord.client: logging in using static token
2025-11-05 11:26:05 [INFO] discord.gateway: Shard ID None has connected to Gateway (Session ID: f488cc93d0cb05414b2d7b92f57fc276).
2025-11-05 11:26:07 [INFO] __main__: Bot is ready as Chaos Form#7147
2025-11-05 11:26:07 [INFO] apps.tasks: Setup task
2025-11-05 11:27:32 [WARNING] discord.client: PyNaCl is not installed, voice will NOT be supported
2025-11-05 11:27:33 [INFO] apps.events: Setup event
2025-11-05 11:27:33 [INFO] apps.commands: Setup command
2025-11-05 11:27:33 [INFO] discord.client: logging in using static token
2025-11-05 11:27:34 [INFO] discord.gateway: Shard ID None has connected to Gateway (Session ID: 10968e108aa694426b393bc24d7de09a).
2025-11-05 11:27:36 [INFO] __main__: Bot is ready as Chaos Form#7147
2025-11-05 11:27:36 [INFO] apps.tasks: Setup task
2025-11-05 11:27:40 [INFO] apps.events: Message of _chaos_max: Again
2025-11-05 11:27:40 [ERROR] apps.events: Something wrong with on_message
2025-11-05 11:27:40 [ERROR] apps.events: '814859352044732427'
2025-11-05 11:32:18 [WARNING] discord.client: PyNaCl is not installed, voice will NOT be supported
2025-11-05 11:32:18 [INFO] apps.events: Setup event
2025-11-05 11:32:18 [INFO] apps.commands: Setup command
2025-11-05 11:32:18 [INFO] discord.client: logging in using static token
2025-11-05 11:32:20 [INFO] discord.gateway: Shard ID None has connected to Gateway (Session ID: ec0a68873f28a2671f7f072bbf822e1e).
2025-11-05 11:32:22 [INFO] __main__: Bot is ready as Chaos Form#7147
2025-11-05 11:32:22 [INFO] apps.tasks: Setup task
2025-11-05 11:32:32 [INFO] apps.events: Message of _chaos_max: One more time!
2025-11-05 11:32:36 [INFO] apps.events: Member react: _chaos_max
2025-11-05 11:32:40 [INFO] apps.events: Member react: _chaos_max
2025-11-05 11:32:41 [INFO] apps.events: Member react: _chaos_max
2025-11-05 11:36:52 [WARNING] discord.client: PyNaCl is not installed, voice will NOT be supported
2025-11-05 11:36:52 [INFO] apps.events: Setup event
2025-11-05 11:36:52 [INFO] apps.commands: Setup command
2025-11-05 11:36:52 [INFO] discord.client: logging in using static token
2025-11-05 11:36:54 [INFO] discord.gateway: Shard ID None has connected to Gateway (Session ID: d7fe2c20bd6ac0498e49ec474965b120).
2025-11-05 11:36:56 [INFO] __main__: Bot is ready as Chaos Form#7147
2025-11-05 11:36:56 [INFO] apps.tasks: Setup task
2025-11-05 11:37:00 [INFO] apps.events: Process command of _chaos_max: c!rank
2025-11-05 11:37:11 [WARNING] discord.client: PyNaCl is not installed, voice will NOT be supported
2025-11-05 11:37:11 [INFO] apps.events: Setup event
2025-11-05 11:37:11 [INFO] apps.commands: Setup command
2025-11-05 11:37:11 [INFO] discord.client: logging in using static token
2025-11-05 11:37:12 [INFO] discord.gateway: Shard ID None has connected to Gateway (Session ID: ab73501d2aa13745693e15494f1af0c5).
2025-11-05 11:37:14 [INFO] __main__: Bot is ready as Chaos Form#7147
2025-11-05 11:37:14 [INFO] apps.tasks: Setup task
2025-11-05 11:37:18 [INFO] apps.events: Process command of _chaos_max: c!rank
2025-11-05 11:37:19 [INFO] apps.commands: Rank called by _chaos_max
2025-11-05 11:37:20 [INFO] apps.events: Process command of Chaos Form#7147: C√≥ l·ªói x·∫£y ra. Vui l√≤ng g·ªçi ChaosMAX_ ƒë·ªÉ kh·ª©a gi·∫£i quy·∫øt
2025-11-05 11:41:04 [WARNING] discord.client: PyNaCl is not installed, voice will NOT be supported
2025-11-05 11:41:04 [INFO] apps.events: Setup event
2025-11-05 11:41:04 [INFO] apps.commands: Setup command
2025-11-05 11:41:04 [INFO] discord.client: logging in using static token
2025-11-05 11:41:06 [INFO] discord.gateway: Shard ID None has connected to Gateway (Session ID: 8ebfbbfec160238c446dd74f6aadffc2).
2025-11-05 11:41:08 [INFO] __main__: Bot is ready as Chaos Form#7147
2025-11-05 11:41:08 [INFO] apps.tasks: Setup task
2025-11-05 11:41:14 [INFO] apps.commands: Rank called by _chaos_max
2025-11-05 11:43:16 [WARNING] discord.client: PyNaCl is not installed, voice will NOT be supported
2025-11-05 11:43:16 [INFO] apps.events: Setup event
2025-11-05 11:43:16 [INFO] apps.commands: Setup command
2025-11-05 11:43:16 [INFO] discord.client: logging in using static token
2025-11-05 11:43:18 [INFO] discord.gateway: Shard ID None has connected to Gateway (Session ID: b23eaf5477df881441e95ef2e759de25).
2025-11-05 11:43:20 [INFO] __main__: Bot is ready as Chaos Form#7147
2025-11-05 11:43:20 [INFO] apps.tasks: Setup task
2025-11-05 11:43:25 [INFO] apps.commands: Rank called by _chaos_max
2025-11-05 11:43:25 [ERROR] discord.ext.commands.bot: Ignoring exception in command rank
Traceback (most recent call last):
  File "C:\Users\ADMIN\AppData\Local\Programs\Python\Python310\lib\site-packages\discord\ext\commands\core.py", line 235, in wrapped
    ret = await coro(*args, **kwargs)
  File "d:\Code\NewBotDiscord\apps\commands.py", line 79, in rank
    user = scoreboard[line-1][1]
IndexError: list index out of range

The above exception was the direct cause of the following exception:

Traceback (most recent call last):
  File "C:\Users\ADMIN\AppData\Local\Programs\Python\Python310\lib\site-packages\discord\ext\commands\bot.py", line 1366, in invoke
    await ctx.command.invoke(ctx)
  File "C:\Users\ADMIN\AppData\Local\Programs\Python\Python310\lib\site-packages\discord\ext\commands\core.py", line 1029, in invoke
    await injected(*ctx.args, **ctx.kwargs)  # type: ignore
  File "C:\Users\ADMIN\AppData\Local\Programs\Python\Python310\lib\site-packages\discord\ext\commands\core.py", line 244, in wrapped
    raise CommandInvokeError(exc) from exc
discord.ext.commands.errors.CommandInvokeError: Command raised an exception: IndexError: list index out of range
2025-11-05 11:51:34 [INFO] __main__: Rank called by 
2025-11-05 11:51:46 [INFO] __main__: Rank called by 
2025-11-05 11:51:56 [INFO] __main__: Rank called by 
2025-11-05 11:52:04 [INFO] __main__: Rank called by 
2025-11-05 11:52:33 [INFO] __main__: Rank called by 
2025-11-05 11:52:40 [INFO] __main__: Rank called by 
2025-11-05 11:53:54 [WARNING] discord.client: PyNaCl is not installed, voice will NOT be supported
2025-11-05 11:53:54 [INFO] apps.events: Setup event
2025-11-05 11:53:54 [INFO] apps.commands: Setup command
2025-11-05 11:53:54 [INFO] discord.client: logging in using static token
2025-11-05 11:53:56 [INFO] discord.gateway: Shard ID None has connected to Gateway (Session ID: 24fa4382baaa45283b76b357a4d343f5).
2025-11-05 11:53:58 [INFO] __main__: Bot is ready as Chaos Form#7147
2025-11-05 11:53:58 [INFO] apps.tasks: Setup task
2025-11-05 11:54:05 [INFO] apps.commands: Rank called by _chaos_max
2025-11-05 11:55:30 [WARNING] discord.client: PyNaCl is not installed, voice will NOT be supported
2025-11-05 11:55:30 [INFO] apps.events: Setup event
2025-11-05 11:55:30 [INFO] apps.commands: Setup command
2025-11-05 11:55:30 [INFO] discord.client: logging in using static token
2025-11-05 11:55:31 [INFO] discord.gateway: Shard ID None has connected to Gateway (Session ID: c62517562472dc8e6cb2eca56b972bb6).
2025-11-05 11:55:33 [INFO] __main__: Bot is ready as Chaos Form#7147
2025-11-05 11:55:33 [INFO] apps.tasks: Setup task
2025-11-05 11:55:45 [INFO] apps.commands: Rank called by _chaos_max
2025-11-05 11:56:36 [WARNING] discord.client: PyNaCl is not installed, voice will NOT be supported
2025-11-05 11:56:36 [INFO] apps.events: Setup event
2025-11-05 11:56:36 [INFO] apps.commands: Setup command
2025-11-05 11:56:36 [INFO] discord.client: logging in using static token
2025-11-05 11:56:37 [INFO] discord.gateway: Shard ID None has connected to Gateway (Session ID: 7f966b324a33826f61c476a74c962138).
2025-11-05 11:56:39 [INFO] __main__: Bot is ready as Chaos Form#7147
2025-11-05 11:56:39 [INFO] apps.tasks: Setup task
2025-11-05 11:56:42 [INFO] apps.commands: Rank called by _chaos_max
2025-11-05 11:56:43 [ERROR] discord.ext.commands.bot: Ignoring exception in command rank
Traceback (most recent call last):
  File "C:\Users\ADMIN\AppData\Local\Programs\Python\Python310\lib\site-packages\discord\ext\commands\core.py", line 235, in wrapped
    ret = await coro(*args, **kwargs)
  File "d:\Code\NewBotDiscord\apps\commands.py", line 83, in rank
    out_path = rc.rank_card(
  File "d:\Code\NewBotDiscord\apps\DrawCard.py", line 40, in rank_card
    font1 = ImageFont.truetype(font=f"fonts/regular.ttf", size=fsize)
  File "C:\Users\ADMIN\AppData\Local\Programs\Python\Python310\lib\site-packages\PIL\ImageFont.py", line 834, in truetype
    return freetype(font)
  File "C:\Users\ADMIN\AppData\Local\Programs\Python\Python310\lib\site-packages\PIL\ImageFont.py", line 831, in freetype
    return FreeTypeFont(font, size, index, encoding, layout_engine)
  File "C:\Users\ADMIN\AppData\Local\Programs\Python\Python310\lib\site-packages\PIL\ImageFont.py", line 257, in __init__
    self.font = core.getfont(
OSError: cannot open resource

The above exception was the direct cause of the following exception:

Traceback (most recent call last):
  File "C:\Users\ADMIN\AppData\Local\Pro...
2025-11-05 11:57:26 [WARNING] discord.client: PyNaCl is not installed, voice will NOT be supported
2025-11-05 11:57:26 [INFO] apps.events: Setup event
2025-11-05 11:57:26 [INFO] apps.commands: Setup command
2025-11-05 11:57:26 [INFO] discord.client: logging in using static token
2025-11-05 11:57:28 [INFO] discord.gateway: Shard ID None has connected to Gateway (Session ID: b9f11baf3709a5019845964530a92685).
2025-11-05 11:57:30 [INFO] __main__: Bot is ready as Chaos Form#7147
2025-11-05 11:57:30 [INFO] apps.tasks: Setup task
2025-11-05 11:57:32 [INFO] apps.commands: Rank called by _chaos_max
2025-11-05 11:57:33 [INFO] apps.DrawCard: Image saved to D:\Code\NewBotDiscord\pics\out.jpg
2025-11-05 12:04:36 [INFO] apps.events: Message of hu1203: I comeback
2025-11-05 12:05:19 [INFO] apps.events: Message of _chaos_max: :V sau 2 ng√†y :V
2025-11-05 12:05:38 [INFO] apps.events: Message of hu1203: :)) c√≤n s·ªëng l√† may
2025-11-05 12:06:59 [WARNING] discord.client: PyNaCl is not installed, voice will NOT be supported
2025-11-05 12:06:59 [INFO] apps.events: Setup event
2025-11-05 12:06:59 [INFO] apps.commands: Setup command
2025-11-05 12:06:59 [INFO] discord.client: logging in using static token
2025-11-05 12:07:01 [INFO] discord.gateway: Shard ID None has connected to Gateway (Session ID: 257b44732b5a6bd69f7ebcdebe7bc9f7).
2025-11-05 12:07:03 [INFO] __main__: Bot is ready as Chaos Form#7147
2025-11-05 12:07:03 [INFO] apps.tasks: Setup task
2025-11-05 12:07:10 [INFO] apps.events: Message of _chaos_max: L·ªè
2025-11-05 13:31:14 [WARNING] discord.client: PyNaCl is not installed, voice will NOT be supported
2025-11-05 13:31:15 [INFO] apps.events: Setup event
2025-11-05 13:31:15 [INFO] apps.commands: Setup command
2025-11-05 13:31:15 [INFO] discord.client: logging in using static token
2025-11-05 13:31:17 [INFO] discord.gateway: Shard ID None has connected to Gateway (Session ID: c786d9ddee290027a8c6d8bbeff54375).
2025-11-05 13:31:19 [INFO] __main__: Bot is ready as Chaos Form#7147
2025-11-05 13:31:19 [INFO] apps.tasks: Setup task
2025-11-05 13:31:19 [INFO] apps.tasks: Start check voice
2025-11-05 13:31:20 [ERROR] discord.ext.tasks: Unhandled exception in internal background task 'checkVoice'.
Traceback (most recent call last):
  File "C:\Users\ADMIN\AppData\Local\Programs\Python\Python310\lib\site-packages\discord\ext\tasks\__init__.py", line 246, in _loop
    await self.coro(*args, **kwargs)
  File "d:\Code\NewBotDiscord\apps\tasks.py", line 31, in checkVoice
    database.addVoice(list(activeUsers))
  File "d:\Code\NewBotDiscord\utils\database.py", line 107, in addVoice
    user: UserData = database[id]
KeyError: 678566050836774912
2025-11-05 13:31:20 [ERROR] asyncio: Task exception was never retrieved
future: <Task finished name='discord-ext-tasks: setup_task.<locals>.checkVoice' coro=<Loop._loop() done, defined at C:\Users\ADMIN\AppData\Local\Programs\Python\Python310\lib\site-packages\discord\ext\tasks\__init__.py:207> exception=KeyError(678566050836774912)>
Traceback (most recent call last):
  File "C:\Users\ADMIN\AppData\Local\Programs\Python\Python310\lib\site-packages\discord\ext\tasks\__init__.py", line 271, in _loop
    raise exc
  File "C:\Users\ADMIN\AppData\Local\Programs\Python\Python310\lib\site-packages\discord\ext\tasks\__init__.py", line 246, in _loop
    await self.coro(*args, **kwargs)
  File "d:\Code\NewBotDiscord\apps\tasks.py", line 31, in checkVoice
    database.addVoice(list(activeUsers))
  File "d:\Code\NewBotDiscord\utils\database.py", line 107, in addVoice
    user: UserData = database[id]
KeyError: 678566050836774912
2025-11-05 13:31:20 [INFO] utils.database: Delete user 1022159763032789073, name htrancong8416
2025-11-05 13:31:20 [INFO] utils.database: Delete user 1023516209255284757, name nguyenviethai_
2025-11-05 13:31:20 [INFO] utils.database: Delete user 1051903923646111744, name .incute
2025-11-05 13:31:20 [INFO] utils.database: Delete user 1079305340883050568, name _loh.nguyen_
2025-11-05 13:31:20 [INFO] utils.database: Delete user 1089733114630242385, name qnlkragon
2025-11-05 13:31:21 [INFO] utils.database: Delete user 1102601679758692382, name caohaibinh
2025-11-05 13:31:21 [INFO] utils.database: Delete user 1121791748583215174, name truong05500
2025-11-05 13:31:21 [INFO] utils.database: Delete user 1142326932730552390, name lullabaii
2025-11-05 13:31:21 [INFO] utils.database: Delete user 1152077295125811291, name nguyenducquan_puni
2025-11-05 13:31:21 [INFO] utils.database: Delete user 1160384710237761566, name micaylaanhday
2025-11-05 13:31:21 [INFO] utils.database: Delete user 1160953506983854111, name hanasugoiiii_19973
2025-11-05 13:31:21 [INFO] utils.database: Delete user 1167371993381883916, name mafiachina_
2025-11-05 13:31:21 [INFO] utils.database: Delete user 1168524152811036706, name dwnggduong
2025-11-05 13:31:21 [INFO] utils.database: Delete user 1201150751905415251, name tulip.z23
2025-11-05 13:31:21 [INFO] utils.database: Delete user 1204710782957518863, name overdos6
2025-11-05 13:31:21 [INFO] utils.database: Delete user 1229039352797991013, name vuquyen3101_06
2025-11-05 13:31:22 [INFO] utils.database: Delete user 1253398367296294998, name soghna
2025-11-05 13:31:22 [INFO] utils.database: Delete user 1258883586434793554, name tunzylity
2025-11-05 13:31:22 [INFO] utils.database: Delete user 1281942867853705228, name muadongsojuu
2025-11-05 13:31:22 [INFO] utils.database: Delete user 1298623139554525258, name tanakakatta.
2025-11-05 13:31:22 [INFO] utils.database: Delete user 1306855074223489044, name bamboo.skaros
2025-11-05 13:31:22 [INFO] utils.database: Delete user 1400440580668133419, name huy023837
2025-11-05 13:31:22 [INFO] utils.database: Delete user 1403493031927222483, name kenseetinh0422
2025-11-05 13:31:22 [INFO] utils.database: Delete user 1420388668794867732, name tfnglam3107_18283
2025-11-05 13:31:22 [INFO] utils.database: Delete user 1421540753259368590, name tranha0056_04226
2025-11-05 13:31:22 [INFO] utils.database: Delete user 1429138496983138384, name trungquoctran
2025-11-05 13:31:22 [INFO] utils.database: Delete user 488301451291000863, name yoi_yami_san
2025-11-05 13:31:23 [INFO] utils.database: Delete user 560364145162059791, name seeyouagainatsummer
2025-11-05 13:31:23 [INFO] utils.database: Delete user 606379412006502404, name anmhaz
2025-11-05 13:31:23 [INFO] utils.database: Delete user 610105499488092181, name duongdayneduong
2025-11-05 13:31:23 [INFO] utils.database: Delete user 678566050836774912, name hu1203
2025-11-05 13:31:23 [INFO] utils.database: Delete user 694774504504950856, name sunsuhan
2025-11-05 13:31:23 [INFO] utils.database: Delete user 695189202769281174, name minhocdi1113506
2025-11-05 13:31:23 [INFO] utils.database: Delete user 702541417318187068, name truonghai9085
2025-11-05 13:31:23 [INFO] utils.database: Delete user 731888504895963146, name samcanov1
2025-11-05 13:31:23 [INFO] utils.database: Delete user 750527075710009445, name longbigbrain
2025-11-05 13:31:23 [INFO] utils.database: Delete user 760840540769353758, name bmakacrazyguy
2025-11-05 13:31:24 [INFO] utils.database: Delete user 807868620918882326, name trung9256
2025-11-05 13:31:24 [INFO] utils.database: Delete user 811822913774026763, name doanhduy
2025-11-05 13:31:24 [INFO] utils.database: Delete user 812207328735526954, name 2imduc_
2025-11-05 13:31:24 [INFO] utils.database: Delete user 812675844941152256, name _staif
2025-11-05 13:31:24 [INFO] utils.database: Delete user 814859352044732427, name _chaos_max
2025-11-05 13:31:24 [INFO] utils.database: Delete user 835474354279022603, name .viet
2025-11-05 13:31:24 [INFO] utils.database: Delete user 852793027462561812, name _nov20th
2025-11-05 13:31:25 [INFO] utils.database: Delete user 863798712378327052, name chi3321
2025-11-05 13:31:25 [INFO] utils.database: Delete user 877029738252759052, name _cyislee
2025-11-05 13:31:25 [INFO] utils.database: Delete user 887970058599538709, name n4m3l3ss3r
2025-11-05 13:31:25 [INFO] utils.database: Delete user 895187839350874155, name relationsleep
2025-11-05 13:31:25 [INFO] utils.database: Delete user 899277795484659722, name vinhcay
2025-11-05 13:31:25 [INFO] utils.database: Delete user 908887423788941342, name 7run9tustu
2025-11-05 13:31:25 [INFO] utils.database: Delete user 908889505166143578, name haukowibu
2025-11-05 13:31:25 [INFO] utils.database: Delete user 909987834281230336, name _futari272
2025-11-05 13:31:25 [INFO] utils.database: Delete user 914389955793543240, name .verlet
2025-11-05 13:31:25 [INFO] utils.database: Delete user 952165228194463825, name i_am_shin
2025-11-05 13:31:26 [INFO] utils.database: Delete user 956568319681515540, name kuroztronuz
2025-11-05 13:31:26 [INFO] utils.database: Delete user 957258109905154128, name soo_ahh
2025-11-05 13:31:26 [INFO] utils.database: Delete user 964409475886878750, name cai_gi_
2025-11-05 13:41:42 [WARNING] discord.client: PyNaCl is not installed, voice will NOT be supported
2025-11-05 13:41:42 [INFO] apps.events: Setup event
2025-11-05 13:41:42 [INFO] apps.commands: Setup command
2025-11-05 13:41:42 [INFO] discord.client: logging in using static token
2025-11-05 13:41:44 [INFO] discord.gateway: Shard ID None has connected to Gateway (Session ID: c127a1be763dd6d2baae64e81a65429e).
2025-11-05 13:41:46 [INFO] __main__: Bot is ready as Chaos Form#7147
2025-11-05 13:41:46 [INFO] apps.tasks: Setup task
2025-11-05 13:41:46 [INFO] apps.tasks: Start check voice
2025-11-05 13:41:47 [INFO] utils.database: Update name of 1298623139554525258 with name from tanakakatta. to tanakakatta. and display from Hotline CSKH VNGGames to Tanaka Katta
2025-11-05 13:41:47 [INFO] utils.database: Update name of 1258883586434793554 with name from tunzylity to tunzylity and display from Jettaholic‚ú® to Heraholicüíù
2025-11-05 13:41:47 [INFO] utils.database: Update name of 1051903923646111744 with name from .incute to .incute and display from V·ªãt Ph√¥ Mai to ?
2025-11-05 13:41:47 [INFO] utils.database: Update name of 1306855074223489044 with name from bamboo.skaros to bamboo.skaros and display from bamboo to c√† ph√™ h√¥m nay ƒë·∫Øng
2025-11-05 13:41:47 [INFO] utils.database: Delete user 1023516209255284757, name nguyenviethai_
2025-11-05 13:41:47 [INFO] utils.database: Delete user 606379412006502404, name anmhaz
2025-11-05 13:41:47 [INFO] utils.database: Delete user 694774504504950856, name sunsuhan
2025-11-05 13:41:47 [INFO] utils.database: Delete user 695189202769281174, name minhocdi1113506
2025-11-05 13:41:47 [INFO] utils.database: Delete user 909987834281230336, name _futari272
2025-11-05 13:42:52 [WARNING] discord.client: PyNaCl is not installed, voice will NOT be supported
2025-11-05 13:42:52 [INFO] apps.events: Setup event
2025-11-05 13:42:52 [INFO] apps.commands: Setup command
2025-11-05 13:42:52 [INFO] discord.client: logging in using static token
2025-11-05 13:42:53 [INFO] discord.gateway: Shard ID None has connected to Gateway (Session ID: 95aab46ea9908310f932a60ae64e7606).
2025-11-05 13:42:55 [INFO] __main__: Bot is ready as Chaos Form#7147
2025-11-05 13:42:55 [INFO] apps.tasks: Setup task
2025-11-05 13:42:55 [INFO] apps.tasks: Start check voice
2025-11-05 13:50:57 [WARNING] discord.client: PyNaCl is not installed, voice will NOT be supported
2025-11-05 13:50:57 [INFO] apps.events: Setup event
2025-11-05 13:50:57 [INFO] apps.commands: Setup command
2025-11-05 13:50:57 [INFO] discord.client: logging in using static token
2025-11-05 13:50:58 [INFO] discord.gateway: Shard ID None has connected to Gateway (Session ID: 0069706ae236618bc86ce8cefa92e30f).
2025-11-05 13:51:00 [INFO] __main__: Bot is ready as Chaos Form#7147
2025-11-05 13:51:00 [INFO] apps.tasks: Setup task
2025-11-05 13:51:00 [INFO] apps.tasks: Start check voice
2025-11-05 13:51:09 [INFO] apps.commands: Scoreboard called by_chaos_max
2025-11-05 13:52:00 [INFO] apps.tasks: Start check voice
